qemu -hda /tmp/qaImli1C1v.dsk -m 4 -net none -nographic -monitor null
PiLo hda1
Loading............
Kernel command line: -q run 'tar fs.tar /' append fs.tar
Pintos booting with 4,088 kB RAM...
382 pages available in kernel pool.
382 pages available in user pool.
Calibrating timer...  157,081,600 loops/s.
hda: 7,056 sectors (3 MB), model "QM00001", serial "QEMU HARDDISK"
hda1: 194 sectors (97 kB), Pintos OS kernel (20)
hda2: 4,096 sectors (2 MB), Pintos file system (21)
hda3: 2,048 sectors (1 MB), Pintos scratch (22)
filesys: using hda2
scratch: using hda3
Kernel PANIC at ../../filesys/free-map.c:60 in free_map_open(): can't read free map
Call stack: 0xc0028c3e.
The `backtrace' program can make call stacks useful.
Read "Backtraces" in the "Debugging Tools" chapter
of the Pintos documentation for more information.
Kernel PANIC recursion at ../../devices/timer.c:259 in real_time_sleep().
Timer: 54 ticks
Thread: 30 idle ticks, 24 kernel ticks, 0 user ticks
hda2 (filesys): 1 reads, 0 writes
hda3 (scratch): 0 reads, 0 writes
Console: 935 characters output
Keyboard: 0 keys pressed
Exception: 0 page faults
Powering off...
Copying .tar out of /tmp/qaImli1C1v.dsk...
